<?xml version="1.0" encoding="UTF-8"?>
<testsuite xmlns:xsi="http://www.w3.org/2001/XMLSchema-instance" xsi:noNamespaceSchemaLocation="https://maven.apache.org/surefire/maven-surefire-plugin/xsd/surefire-test-report-3.0.xsd" version="3.0" name="cardioGenerator.generatorsTest" time="0.012" tests="4" errors="0" skipped="0" failures="0">
  <properties>
    <property name="java.specification.version" value="21"/>
    <property name="sun.jnu.encoding" value="UTF-8"/>
    <property name="java.class.path" value="/Users/maksiuuuuuuu/Desktop/SoftwareEngineering/project/signal_project/target/test-classes:/Users/maksiuuuuuuu/Desktop/SoftwareEngineering/project/signal_project/target/classes:/Users/maksiuuuuuuu/.m2/repository/org/java-websocket/Java-WebSocket/1.5.2/Java-WebSocket-1.5.2.jar:/Users/maksiuuuuuuu/.m2/repository/org/slf4j/slf4j-api/1.7.25/slf4j-api-1.7.25.jar:/Users/maksiuuuuuuu/.m2/repository/junit/junit/4.13.2/junit-4.13.2.jar:/Users/maksiuuuuuuu/.m2/repository/org/hamcrest/hamcrest-core/1.3/hamcrest-core-1.3.jar:/Users/maksiuuuuuuu/.m2/repository/org/junit/jupiter/junit-jupiter-api/5.11.0-M1/junit-jupiter-api-5.11.0-M1.jar:/Users/maksiuuuuuuu/.m2/repository/org/opentest4j/opentest4j/1.3.0/opentest4j-1.3.0.jar:/Users/maksiuuuuuuu/.m2/repository/org/junit/platform/junit-platform-commons/1.11.0-M1/junit-platform-commons-1.11.0-M1.jar:/Users/maksiuuuuuuu/.m2/repository/org/apiguardian/apiguardian-api/1.1.2/apiguardian-api-1.1.2.jar:"/>
    <property name="java.vm.vendor" value="Oracle Corporation"/>
    <property name="sun.arch.data.model" value="64"/>
    <property name="java.vendor.url" value="https://java.oracle.com/"/>
    <property name="os.name" value="Mac OS X"/>
    <property name="java.vm.specification.version" value="21"/>
    <property name="sun.java.launcher" value="SUN_STANDARD"/>
    <property name="user.country" value="US"/>
    <property name="sun.boot.library.path" value="/Users/maksiuuuuuuu/Library/Java/JavaVirtualMachines/openjdk-21.0.1/Contents/Home/lib"/>
    <property name="sun.java.command" value="/Users/maksiuuuuuuu/Desktop/SoftwareEngineering/project/signal_project/target/surefire/surefirebooter-20240513141205613_3.jar /Users/maksiuuuuuuu/Desktop/SoftwareEngineering/project/signal_project/target/surefire 2024-05-13T14-12-05_534-jvmRun1 surefire-20240513141205613_1tmp surefire_0-20240513141205613_2tmp"/>
    <property name="http.nonProxyHosts" value="local|*.local|169.254/16|*.169.254/16"/>
    <property name="jdk.debug" value="release"/>
    <property name="surefire.test.class.path" value="/Users/maksiuuuuuuu/Desktop/SoftwareEngineering/project/signal_project/target/test-classes:/Users/maksiuuuuuuu/Desktop/SoftwareEngineering/project/signal_project/target/classes:/Users/maksiuuuuuuu/.m2/repository/org/java-websocket/Java-WebSocket/1.5.2/Java-WebSocket-1.5.2.jar:/Users/maksiuuuuuuu/.m2/repository/org/slf4j/slf4j-api/1.7.25/slf4j-api-1.7.25.jar:/Users/maksiuuuuuuu/.m2/repository/junit/junit/4.13.2/junit-4.13.2.jar:/Users/maksiuuuuuuu/.m2/repository/org/hamcrest/hamcrest-core/1.3/hamcrest-core-1.3.jar:/Users/maksiuuuuuuu/.m2/repository/org/junit/jupiter/junit-jupiter-api/5.11.0-M1/junit-jupiter-api-5.11.0-M1.jar:/Users/maksiuuuuuuu/.m2/repository/org/opentest4j/opentest4j/1.3.0/opentest4j-1.3.0.jar:/Users/maksiuuuuuuu/.m2/repository/org/junit/platform/junit-platform-commons/1.11.0-M1/junit-platform-commons-1.11.0-M1.jar:/Users/maksiuuuuuuu/.m2/repository/org/apiguardian/apiguardian-api/1.1.2/apiguardian-api-1.1.2.jar:"/>
    <property name="sun.cpu.endian" value="little"/>
    <property name="user.home" value="/Users/maksiuuuuuuu"/>
    <property name="user.language" value="en"/>
    <property name="java.specification.vendor" value="Oracle Corporation"/>
    <property name="java.version.date" value="2023-10-17"/>
    <property name="java.home" value="/Users/maksiuuuuuuu/Library/Java/JavaVirtualMachines/openjdk-21.0.1/Contents/Home"/>
    <property name="file.separator" value="/"/>
    <property name="basedir" value="/Users/maksiuuuuuuu/Desktop/SoftwareEngineering/project/signal_project"/>
    <property name="java.vm.compressedOopsMode" value="Zero based"/>
    <property name="line.separator" value="&#10;"/>
    <property name="java.vm.specification.vendor" value="Oracle Corporation"/>
    <property name="java.specification.name" value="Java Platform API Specification"/>
    <property name="apple.awt.application.name" value="ForkedBooter"/>
    <property name="surefire.real.class.path" value="/Users/maksiuuuuuuu/Desktop/SoftwareEngineering/project/signal_project/target/surefire/surefirebooter-20240513141205613_3.jar"/>
    <property name="sun.management.compiler" value="HotSpot 64-Bit Tiered Compilers"/>
    <property name="ftp.nonProxyHosts" value="local|*.local|169.254/16|*.169.254/16"/>
    <property name="java.runtime.version" value="21.0.1+12-29"/>
    <property name="user.name" value="maksiuuuuuuu"/>
    <property name="stdout.encoding" value="UTF-8"/>
    <property name="path.separator" value=":"/>
    <property name="os.version" value="14.3.1"/>
    <property name="java.runtime.name" value="OpenJDK Runtime Environment"/>
    <property name="file.encoding" value="UTF-8"/>
    <property name="java.vm.name" value="OpenJDK 64-Bit Server VM"/>
    <property name="localRepository" value="/Users/maksiuuuuuuu/.m2/repository"/>
    <property name="java.vendor.url.bug" value="https://bugreport.java.com/bugreport/"/>
    <property name="java.io.tmpdir" value="/var/folders/84/sbq4d0yx2vdcrx0_5_cy2hmh0000gn/T/"/>
    <property name="java.version" value="21.0.1"/>
    <property name="user.dir" value="/Users/maksiuuuuuuu/Desktop/SoftwareEngineering/project/signal_project"/>
    <property name="os.arch" value="aarch64"/>
    <property name="java.vm.specification.name" value="Java Virtual Machine Specification"/>
    <property name="native.encoding" value="UTF-8"/>
    <property name="java.library.path" value="/Users/maksiuuuuuuu/Library/Java/Extensions:/Library/Java/Extensions:/Network/Library/Java/Extensions:/System/Library/Java/Extensions:/usr/lib/java:."/>
    <property name="java.vm.info" value="mixed mode, sharing"/>
    <property name="stderr.encoding" value="UTF-8"/>
    <property name="java.vendor" value="Oracle Corporation"/>
    <property name="java.vm.version" value="21.0.1+12-29"/>
    <property name="sun.io.unicode.encoding" value="UnicodeBig"/>
    <property name="socksNonProxyHosts" value="local|*.local|169.254/16|*.169.254/16"/>
    <property name="java.class.version" value="65.0"/>
  </properties>
  <testcase name="testBloodPreasureGenerator" classname="cardioGenerator.generatorsTest" time="0.002">
    <system-out><![CDATA[Patient ID: 1, Timestamp: 1715602326671, Label: SystolicPressure, Data: 122.0
Patient ID: 1, Timestamp: 1715602326672, Label: DiastolicPressure, Data: 72.0
]]></system-out>
  </testcase>
  <testcase name="testGenerateECG" classname="cardioGenerator.generatorsTest" time="0.001">
    <system-out><![CDATA[Patient ID: 1, Timestamp: 1715602326674, Label: ECG, Data: -0.5371568208616941
]]></system-out>
  </testcase>
  <testcase name="testBloodLevelsGenerator" classname="cardioGenerator.generatorsTest" time="0.002">
    <system-out><![CDATA[Patient ID: 1, Timestamp: 1715602326675, Label: Cholesterol, Data: 153.6726245433681
Patient ID: 1, Timestamp: 1715602326675, Label: WhiteBloodCells, Data: 9.149198641721302
Patient ID: 1, Timestamp: 1715602326676, Label: RedBloodCells, Data: 4.685617842221633
]]></system-out>
  </testcase>
  <testcase name="testBloodSaturationDataGenerator" classname="cardioGenerator.generatorsTest" time="0.002">
    <system-out><![CDATA[Patient ID: 1, Timestamp: 1715602326678, Label: Saturation, Data: 98.0%
Patient ID: 1, Timestamp: 1715602326678, Label: Saturation, Data: 99.0%
]]></system-out>
  </testcase>
</testsuite>